<?xml version="1.0" encoding="UTF-8" ?>
<testsuite failures="0" time="0.009" errors="0" skipped="17" tests="17" name="tests.ClientTest">
  <properties>
[...]
</properties>
  <testcase time="0.018" classname="tests.ClientTest" name="testClient">
    <skipped/>
  </testcase>
  <testcase time="0.018" classname="tests.ClientTest" name="testAddMotorcycle">
    <skipped/>
  </testcase>
  <testcase time="0.018" classname="tests.ClientTest" name="testDeleteMotorcycle">
    <skipped/>
  </testcase>
  <testcase time="0.019" classname="tests.ClientTest" name="testDeleteAllMotorcycle">
    <skipped/>
  </testcase>
  <testcase time="0.019" classname="tests.ClientTest" name="testEditMotorcyclePrice">
    <skipped/>
  </testcase>
  <testcase time="0.019" classname="tests.ClientTest" name="testEditMotorcycleYearOfManufacture">
    <skipped/>
  </testcase>
  <testcase time="0.019" classname="tests.ClientTest" name="testFindAllMotorcycleByBrand">
    <skipped/>
  </testcase>
  <testcase time="0.019" classname="tests.ClientTest" name="testFindAllMotorcycleByModel">
    <skipped/>
  </testcase>
  <testcase time="0.019" classname="tests.ClientTest" name="testFindAllMotorcycleByYearOfManufacture">
    <skipped/>
  </testcase>
  <testcase time="0.019" classname="tests.ClientTest" name="testPrintClient">
    <skipped/>
  </testcase>
  <testcase time="0.02" classname="tests.ClientTest" name="testPrintMotoCatalog">
    <skipped/>
  </testcase>
  <testcase time="0.02" classname="tests.ClientTest" name="testGetFirstName">
    <skipped/>
  </testcase>
  <testcase time="0.02" classname="tests.ClientTest" name="testSetFirstName">
    <skipped/>
  </testcase>
  <testcase time="0.02" classname="tests.ClientTest" name="testGetSurname">
    <skipped/>
  </testcase>
  <testcase time="0.02" classname="tests.ClientTest" name="testSetSurname">
    <skipped/>
  </testcase>
  <testcase time="0.02" classname="tests.ClientTest" name="testGetMotoCatalog">
    <skipped/>
  </testcase>
  <testcase time="0.02" classname="tests.ClientTest" name="testSetMotoCatalog">
    <skipped/>
  </testcase>
</testsuite>